app/build/intermediates/manifest_merge_blame_file/release/manifest-merger-blame-release-report.txt
1<?xml version="1.0" encoding="utf-8"?>
2<manifest xmlns:android="http://schemas.android.com/apk/res/android"
3    package="com.oppwa.mobile.connect.demo"
4    android:versionCode="1"
5    android:versionName="1.0.0" >
6
7    <uses-sdk
8        android:minSdkVersion="21"
8-->src\main\AndroidManifest.xml
9        android:targetSdkVersion="30" />
9-->src\main\AndroidManifest.xml
10
11    <uses-permission android:name="android.permission.INTERNET" />
11-->src\main\AndroidManifest.xml:6:5-67
11-->src\main\AndroidManifest.xml:6:22-64
12
13    <!-- Include required permissions for Google Maps API to run. -->
14    <uses-permission android:name="android.permission.ACCESS_NETWORK_STATE" />
14-->[com.google.android.gms:play-services-maps:16.0.0] AndroidManifest.xml:23:5-79
14-->[com.google.android.gms:play-services-maps:16.0.0] AndroidManifest.xml:23:22-76
15
16    <uses-feature
16-->[com.google.android.gms:play-services-maps:16.0.0] AndroidManifest.xml:26:5-28:35
17        android:glEsVersion="0x00020000"
17-->[com.google.android.gms:play-services-maps:16.0.0] AndroidManifest.xml:27:9-41
18        android:required="true" />
18-->[com.google.android.gms:play-services-maps:16.0.0] AndroidManifest.xml:28:9-32
19
20    <uses-permission android:name="android.permission.CAMERA" />
20-->[io.card:android-sdk:5.5.1] AndroidManifest.xml:9:5-65
20-->[io.card:android-sdk:5.5.1] AndroidManifest.xml:9:22-62
21    <uses-permission android:name="android.permission.VIBRATE" />
21-->[io.card:android-sdk:5.5.1] AndroidManifest.xml:10:5-66
21-->[io.card:android-sdk:5.5.1] AndroidManifest.xml:10:22-63
22
23    <uses-feature
23-->[io.card:android-sdk:5.5.1] AndroidManifest.xml:12:5-14:36
24        android:name="android.hardware.camera"
24-->[io.card:android-sdk:5.5.1] AndroidManifest.xml:13:9-47
25        android:required="false" />
25-->[io.card:android-sdk:5.5.1] AndroidManifest.xml:14:9-33
26    <uses-feature
26-->[io.card:android-sdk:5.5.1] AndroidManifest.xml:15:5-17:36
27        android:name="android.hardware.camera.autofocus"
27-->[io.card:android-sdk:5.5.1] AndroidManifest.xml:16:9-57
28        android:required="false" />
28-->[io.card:android-sdk:5.5.1] AndroidManifest.xml:17:9-33
29
30    <supports-screens
30-->[:alipay] AndroidManifest.xml:11:5-16:39
31        android:anyDensity="true"
31-->[:alipay] AndroidManifest.xml:12:9-34
32        android:largeScreens="true"
32-->[:alipay] AndroidManifest.xml:13:9-36
33        android:normalScreens="true"
33-->[:alipay] AndroidManifest.xml:14:9-37
34        android:resizeable="true"
34-->[:alipay] AndroidManifest.xml:15:9-34
35        android:smallScreens="true" />
35-->[:alipay] AndroidManifest.xml:16:9-36
36
37    <uses-permission android:name="android.permission.ACCESS_WIFI_STATE" />
37-->[:alipay] AndroidManifest.xml:20:5-76
37-->[:alipay] AndroidManifest.xml:20:22-73
38    <uses-permission android:name="android.permission.USE_FINGERPRINT" />
38-->[:oppwa.mobile] AndroidManifest.xml:11:5-74
38-->[:oppwa.mobile] AndroidManifest.xml:11:22-71
39
40    <application
40-->src\main\AndroidManifest.xml:8:5-49:19
41        android:allowBackup="true"
41-->[com.vinaygaba:creditcardview:1.0.4] AndroidManifest.xml:12:9-35
42        android:appComponentFactory="android.support.v4.app.CoreComponentFactory"
42-->[com.android.support:support-compat:28.0.0] AndroidManifest.xml:22:18-91
43        android:icon="@mipmap/ic_launcher"
43-->src\main\AndroidManifest.xml:10:9-43
44        android:label="@string/app_name"
44-->src\main\AndroidManifest.xml:11:9-41
45        android:networkSecurityConfig="@xml/network_security_config"
45-->src\main\AndroidManifest.xml:12:9-69
46        android:supportsRtl="true"
46-->src\main\AndroidManifest.xml:13:9-35
47        android:theme="@style/AppTheme" >
47-->src\main\AndroidManifest.xml:14:9-40
48        <service
48-->src\main\AndroidManifest.xml:16:9-18:40
49            android:name="com.oppwa.mobile.connect.service.ConnectService"
49-->src\main\AndroidManifest.xml:17:13-75
50            android:exported="false" />
50-->src\main\AndroidManifest.xml:18:13-37
51
52        <activity
52-->src\main\AndroidManifest.xml:20:9-26:45
53            android:name="com.oppwa.mobile.connect.checkout.dialog.CheckoutActivity"
53-->src\main\AndroidManifest.xml:21:13-85
54            android:configChanges="orientation"
54-->[:oppwa.mobile] AndroidManifest.xml:30:13-48
55            android:exported="false"
55-->src\main\AndroidManifest.xml:22:13-37
56            android:launchMode="singleTop"
56-->src\main\AndroidManifest.xml:23:13-43
57            android:theme="@style/CustomCheckoutTheme"
57-->src\main\AndroidManifest.xml:24:13-55
58            android:windowSoftInputMode="adjustResize" />
58-->src\main\AndroidManifest.xml:25:13-55
59        <activity
59-->src\main\AndroidManifest.xml:27:9-35:20
60            android:name="com.oppwa.mobile.connect.dataweb.activity.MainActivity"
60-->src\main\AndroidManifest.xml:28:13-50
61            android:screenOrientation="portrait" >
61-->src\main\AndroidManifest.xml:29:13-49
62            <intent-filter>
62-->src\main\AndroidManifest.xml:30:13-34:29
63                <action android:name="android.intent.action.MAIN" />
63-->src\main\AndroidManifest.xml:31:17-69
63-->src\main\AndroidManifest.xml:31:25-66
64
65                <category android:name="android.intent.category.LAUNCHER" />
65-->src\main\AndroidManifest.xml:33:17-77
65-->src\main\AndroidManifest.xml:33:27-74
66            </intent-filter>
67        </activity>
68        <activity
68-->src\main\AndroidManifest.xml:36:9-48:20
69            android:name="com.oppwa.mobile.connect.dataweb.activity.CheckoutUIActivity"
69-->src\main\AndroidManifest.xml:37:13-56
70            android:launchMode="singleTask"
70-->src\main\AndroidManifest.xml:38:13-44
71            android:screenOrientation="portrait" >
71-->src\main\AndroidManifest.xml:39:13-49
72            <intent-filter>
72-->src\main\AndroidManifest.xml:40:13-47:29
73                <data android:scheme="@string/checkout_ui_callback_scheme" />
73-->src\main\AndroidManifest.xml:41:17-78
73-->src\main\AndroidManifest.xml:41:23-75
74
75                <action android:name="android.intent.action.VIEW" />
75-->src\main\AndroidManifest.xml:43:17-69
75-->src\main\AndroidManifest.xml:43:25-66
76
77                <category android:name="android.intent.category.DEFAULT" />
77-->src\main\AndroidManifest.xml:45:17-76
77-->src\main\AndroidManifest.xml:45:27-73
78                <category android:name="android.intent.category.BROWSABLE" />
78-->src\main\AndroidManifest.xml:46:17-78
78-->src\main\AndroidManifest.xml:46:27-75
79            </intent-filter>
80        </activity>
81        <activity
81-->[com.google.android.gms:play-services-base:16.0.1] AndroidManifest.xml:23:9-26:75
82            android:name="com.google.android.gms.common.api.GoogleApiActivity"
82-->[com.google.android.gms:play-services-base:16.0.1] AndroidManifest.xml:24:13-79
83            android:exported="false"
83-->[com.google.android.gms:play-services-base:16.0.1] AndroidManifest.xml:25:13-37
84            android:theme="@android:style/Theme.Translucent.NoTitleBar" />
84-->[com.google.android.gms:play-services-base:16.0.1] AndroidManifest.xml:26:13-72
85
86        <meta-data
86-->[com.google.android.gms:play-services-basement:16.0.1] AndroidManifest.xml:23:9-25:69
87            android:name="com.google.android.gms.version"
87-->[com.google.android.gms:play-services-basement:16.0.1] AndroidManifest.xml:24:13-58
88            android:value="@integer/google_play_services_version" />
88-->[com.google.android.gms:play-services-basement:16.0.1] AndroidManifest.xml:25:13-66
89
90        <activity
90-->[io.card:android-sdk:5.5.1] AndroidManifest.xml:20:9-22:66
91            android:name="io.card.payment.CardIOActivity"
91-->[io.card:android-sdk:5.5.1] AndroidManifest.xml:21:13-58
92            android:configChanges="keyboardHidden|orientation" />
92-->[io.card:android-sdk:5.5.1] AndroidManifest.xml:22:13-63
93        <activity android:name="io.card.payment.DataEntryActivity" />
93-->[io.card:android-sdk:5.5.1] AndroidManifest.xml:23:9-70
93-->[io.card:android-sdk:5.5.1] AndroidManifest.xml:23:19-67
94
95        <provider
95-->[com.squareup.picasso:picasso:2.71828] AndroidManifest.xml:8:9-11:40
96            android:name="com.squareup.picasso.PicassoProvider"
96-->[com.squareup.picasso:picasso:2.71828] AndroidManifest.xml:9:13-64
97            android:authorities="com.oppwa.mobile.connect.demo.com.squareup.picasso"
97-->[com.squareup.picasso:picasso:2.71828] AndroidManifest.xml:10:13-72
98            android:exported="false" />
98-->[com.squareup.picasso:picasso:2.71828] AndroidManifest.xml:11:13-37
99
100        <uses-library
100-->[:alipay] AndroidManifest.xml:23:9-25:40
101            android:name="org.apache.http.legacy"
101-->[:alipay] AndroidManifest.xml:24:13-50
102            android:required="false" />
102-->[:alipay] AndroidManifest.xml:25:13-37
103
104        <activity
104-->[:alipay] AndroidManifest.xml:27:9-31:20
105            android:name="com.alipay.sdk.app.H5PayActivity"
105-->[:alipay] AndroidManifest.xml:28:13-60
106            android:configChanges="orientation|keyboardHidden|navigation|screenSize"
106-->[:alipay] AndroidManifest.xml:29:13-85
107            android:exported="false" >
107-->[:alipay] AndroidManifest.xml:30:13-37
108        </activity>
109        <activity
109-->[:alipay] AndroidManifest.xml:32:9-36:20
110            android:name="com.alipay.sdk.app.H5AuthActivity"
110-->[:alipay] AndroidManifest.xml:33:13-61
111            android:configChanges="orientation|keyboardHidden|navigation|screenSize"
111-->[:alipay] AndroidManifest.xml:34:13-85
112            android:exported="false" >
112-->[:alipay] AndroidManifest.xml:35:13-37
113        </activity>
114        <activity
114-->[:alipay] AndroidManifest.xml:37:9-46:20
115            android:name="com.alipay.sdk.app.PayResultActivity"
115-->[:alipay] AndroidManifest.xml:38:13-64
116            android:configChanges="orientation|keyboardHidden|navigation|screenSize"
116-->[:alipay] AndroidManifest.xml:39:13-85
117            android:exported="true"
117-->[:alipay] AndroidManifest.xml:40:13-36
118            android:launchMode="singleInstance"
118-->[:alipay] AndroidManifest.xml:41:13-48
119            android:theme="@android:style/Theme.Translucent.NoTitleBar" >
119-->[:alipay] AndroidManifest.xml:42:13-72
120            <intent-filter>
120-->[:alipay] AndroidManifest.xml:43:13-45:29
121                <category android:name="android.intent.category.DEFAULT" />
121-->src\main\AndroidManifest.xml:45:17-76
121-->src\main\AndroidManifest.xml:45:27-73
122            </intent-filter>
123        </activity>
124        <activity
124-->[:alipay] AndroidManifest.xml:47:9-52:20
125            android:name="com.alipay.sdk.app.AlipayResultActivity"
125-->[:alipay] AndroidManifest.xml:48:13-67
126            android:exported="true"
126-->[:alipay] AndroidManifest.xml:49:13-36
127            android:launchMode="singleTask"
127-->[:alipay] AndroidManifest.xml:50:13-44
128            android:theme="@android:style/Theme.Translucent.NoTitleBar" >
128-->[:alipay] AndroidManifest.xml:51:13-72
129        </activity>
130        <activity
130-->[:alipay] AndroidManifest.xml:53:9-59:20
131            android:name="com.alipay.sdk.app.H5OpenAuthActivity"
131-->[:alipay] AndroidManifest.xml:54:13-65
132            android:configChanges="orientation|keyboardHidden|navigation|screenSize"
132-->[:alipay] AndroidManifest.xml:55:13-85
133            android:exported="false"
133-->[:alipay] AndroidManifest.xml:56:13-37
134            android:screenOrientation="behind"
134-->[:alipay] AndroidManifest.xml:57:13-47
135            android:windowSoftInputMode="adjustResize|stateHidden" >
135-->[:alipay] AndroidManifest.xml:58:13-67
136        </activity> <!-- Enables the Android Pay API -->
137        <meta-data
137-->[:oppwa.mobile] AndroidManifest.xml:19:9-21:36
138            android:name="com.google.android.gms.wallet.api.enabled"
138-->[:oppwa.mobile] AndroidManifest.xml:20:13-69
139            android:value="true" />
139-->[:oppwa.mobile] AndroidManifest.xml:21:13-33
140    </application>
141
142</manifest>